2025-03-26 20:40:44,901 - masks - INFO: Начало создания маски для номера карты
2025-03-26 20:40:44,901 - masks - INFO: Получение маски для номера карты
2025-03-26 20:40:44,901 - masks - INFO: Начало создания маски для номера счета
2025-03-26 20:40:44,901 - masks - INFO: Преобразование номера счета в строку
2025-03-26 20:40:44,902 - masks - INFO: Получение маски для номера счета
2025-03-26 20:40:44,902 - masks - INFO: Начало создания маски для номера карты
2025-03-26 20:40:44,902 - masks - INFO: Получение маски для номера карты
2025-03-26 20:40:44,902 - masks - INFO: Начало создания маски для номера счета
2025-03-26 20:40:44,902 - masks - INFO: Преобразование номера счета в строку
2025-03-26 20:40:44,902 - masks - INFO: Получение маски для номера счета
2025-03-26 20:40:44,902 - masks - INFO: Начало создания маски для номера карты
2025-03-26 20:40:44,902 - masks - INFO: Получение маски для номера карты
2025-03-26 20:40:44,902 - masks - INFO: Начало создания маски для номера карты
2025-03-26 20:40:44,902 - masks - INFO: Получение маски для номера карты
2025-03-26 20:40:44,902 - masks - INFO: Начало создания маски для номера карты
2025-03-26 20:40:44,902 - masks - INFO: Получение маски для номера карты
2025-03-26 20:40:44,902 - masks - INFO: Начало создания маски для номера счета
2025-03-26 20:40:44,902 - masks - INFO: Преобразование номера счета в строку
2025-03-26 20:40:44,902 - masks - INFO: Получение маски для номера счета
2025-03-26 20:40:44,902 - masks - INFO: Начало создания маски для номера карты
2025-03-26 20:40:44,902 - masks - INFO: Получение маски для номера карты
2025-03-26 20:40:44,902 - masks - INFO: Начало создания маски для номера карты
2025-03-26 20:40:44,902 - masks - INFO: Получение маски для номера карты
2025-03-26 20:40:44,902 - masks - INFO: Начало создания маски для номера карты
2025-03-26 20:40:44,902 - masks - INFO: Получение маски для номера карты
2025-03-26 20:40:44,902 - masks - INFO: Начало создания маски для номера карты
2025-03-26 20:40:44,902 - masks - INFO: Получение маски для номера карты
2025-03-26 20:40:44,902 - masks - INFO: Начало создания маски для номера карты
2025-03-26 20:40:44,902 - masks - INFO: Получение маски для номера карты
2025-03-26 20:40:44,902 - masks - INFO: Начало создания маски для номера счета
2025-03-26 20:40:44,903 - masks - INFO: Преобразование номера счета в строку
2025-03-26 20:40:44,903 - masks - INFO: Получение маски для номера счета
2025-03-26 20:40:44,903 - masks - INFO: Начало создания маски для номера счета
2025-03-26 20:40:44,903 - masks - INFO: Преобразование номера счета в строку
2025-03-26 20:40:44,903 - masks - INFO: Получение маски для номера счета
2025-03-26 20:40:44,903 - masks - INFO: Начало создания маски для номера счета
2025-03-26 20:40:44,903 - masks - INFO: Преобразование номера счета в строку
2025-03-26 20:40:44,903 - masks - INFO: Получение маски для номера счета
2025-03-26 20:46:48,001 - masks - INFO: Начало создания маски для номера карты
2025-03-26 20:46:48,002 - masks - INFO: Получение маски для номера карты
2025-03-26 20:46:48,002 - masks - INFO: Начало создания маски для номера счета
2025-03-26 20:46:48,002 - masks - INFO: Преобразование номера счета в строку
2025-03-26 20:46:48,002 - masks - INFO: Получение маски для номера счета
2025-03-26 20:46:48,002 - masks - INFO: Начало создания маски для номера карты
2025-03-26 20:46:48,002 - masks - INFO: Получение маски для номера карты
2025-03-26 20:46:48,002 - masks - INFO: Начало создания маски для номера счета
2025-03-26 20:46:48,002 - masks - INFO: Преобразование номера счета в строку
2025-03-26 20:46:48,002 - masks - INFO: Получение маски для номера счета
2025-03-26 20:46:48,002 - masks - INFO: Начало создания маски для номера карты
2025-03-26 20:46:48,002 - masks - INFO: Получение маски для номера карты
2025-03-26 20:46:48,002 - masks - INFO: Начало создания маски для номера карты
2025-03-26 20:46:48,002 - masks - INFO: Получение маски для номера карты
2025-03-26 20:46:48,002 - masks - INFO: Начало создания маски для номера карты
2025-03-26 20:46:48,002 - masks - INFO: Получение маски для номера карты
2025-03-26 20:46:48,002 - masks - INFO: Начало создания маски для номера счета
2025-03-26 20:46:48,002 - masks - INFO: Преобразование номера счета в строку
2025-03-26 20:46:48,002 - masks - INFO: Получение маски для номера счета
2025-03-26 20:46:48,002 - masks - INFO: Начало создания маски для номера карты
2025-03-26 20:46:48,002 - masks - INFO: Получение маски для номера карты
2025-03-26 20:46:48,002 - masks - INFO: Начало создания маски для номера карты
2025-03-26 20:46:48,002 - masks - INFO: Получение маски для номера карты
2025-03-26 20:46:48,002 - masks - INFO: Начало создания маски для номера карты
2025-03-26 20:46:48,002 - masks - INFO: Получение маски для номера карты
2025-03-26 20:46:48,002 - masks - INFO: Начало создания маски для номера карты
2025-03-26 20:46:48,002 - masks - INFO: Получение маски для номера карты
2025-03-26 20:46:48,002 - masks - INFO: Начало создания маски для номера карты
2025-03-26 20:46:48,003 - masks - INFO: Получение маски для номера карты
2025-03-26 20:46:48,003 - masks - INFO: Начало создания маски для номера счета
2025-03-26 20:46:48,003 - masks - INFO: Преобразование номера счета в строку
2025-03-26 20:46:48,003 - masks - INFO: Получение маски для номера счета
2025-03-26 20:46:48,003 - masks - INFO: Начало создания маски для номера счета
2025-03-26 20:46:48,003 - masks - INFO: Преобразование номера счета в строку
2025-03-26 20:46:48,003 - masks - INFO: Получение маски для номера счета
2025-03-26 20:46:48,003 - masks - INFO: Начало создания маски для номера счета
2025-03-26 20:46:48,003 - masks - INFO: Преобразование номера счета в строку
2025-03-26 20:46:48,003 - masks - INFO: Получение маски для номера счета
2025-03-26 20:47:56,414 - masks - INFO: Начало создания маски для номера карты
2025-03-26 20:47:56,414 - masks - INFO: Получение маски для номера карты
2025-03-26 20:47:56,414 - masks - INFO: Начало создания маски для номера счета
2025-03-26 20:47:56,414 - masks - INFO: Преобразование номера счета в строку
2025-03-26 20:47:56,414 - masks - INFO: Получение маски для номера счета
2025-03-26 20:47:56,414 - masks - INFO: Начало создания маски для номера карты
2025-03-26 20:47:56,414 - masks - INFO: Получение маски для номера карты
2025-03-26 20:47:56,414 - masks - INFO: Начало создания маски для номера счета
2025-03-26 20:47:56,414 - masks - INFO: Преобразование номера счета в строку
2025-03-26 20:47:56,414 - masks - INFO: Получение маски для номера счета
2025-03-26 20:47:56,414 - masks - INFO: Начало создания маски для номера карты
2025-03-26 20:47:56,414 - masks - INFO: Получение маски для номера карты
2025-03-26 20:47:56,414 - masks - INFO: Начало создания маски для номера карты
2025-03-26 20:47:56,415 - masks - INFO: Получение маски для номера карты
2025-03-26 20:47:56,415 - masks - INFO: Начало создания маски для номера карты
2025-03-26 20:47:56,415 - masks - INFO: Получение маски для номера карты
2025-03-26 20:47:56,415 - masks - INFO: Начало создания маски для номера счета
2025-03-26 20:47:56,415 - masks - INFO: Преобразование номера счета в строку
2025-03-26 20:47:56,415 - masks - INFO: Получение маски для номера счета
2025-03-26 20:47:56,415 - masks - INFO: Начало создания маски для номера карты
2025-03-26 20:47:56,415 - masks - INFO: Получение маски для номера карты
2025-03-26 20:47:56,415 - masks - INFO: Начало создания маски для номера карты
2025-03-26 20:47:56,415 - masks - INFO: Получение маски для номера карты
2025-03-26 20:47:56,415 - masks - INFO: Начало создания маски для номера карты
2025-03-26 20:47:56,415 - masks - INFO: Получение маски для номера карты
2025-03-26 20:47:56,415 - masks - INFO: Начало создания маски для номера карты
2025-03-26 20:47:56,415 - masks - INFO: Получение маски для номера карты
2025-03-26 20:47:56,415 - masks - INFO: Начало создания маски для номера карты
2025-03-26 20:47:56,415 - masks - INFO: Получение маски для номера карты
2025-03-26 20:47:56,415 - masks - INFO: Начало создания маски для номера счета
2025-03-26 20:47:56,415 - masks - INFO: Преобразование номера счета в строку
2025-03-26 20:47:56,415 - masks - INFO: Получение маски для номера счета
2025-03-26 20:47:56,415 - masks - INFO: Начало создания маски для номера счета
2025-03-26 20:47:56,415 - masks - INFO: Преобразование номера счета в строку
2025-03-26 20:47:56,415 - masks - INFO: Получение маски для номера счета
2025-03-26 20:47:56,415 - masks - INFO: Начало создания маски для номера счета
2025-03-26 20:47:56,415 - masks - INFO: Преобразование номера счета в строку
2025-03-26 20:47:56,415 - masks - INFO: Получение маски для номера счета
2025-03-26 20:48:17,656 - masks - INFO: Начало создания маски для номера карты
2025-03-26 20:48:17,656 - masks - INFO: Получение маски для номера карты
2025-03-26 20:48:17,656 - masks - INFO: Начало создания маски для номера счета
2025-03-26 20:48:17,656 - masks - INFO: Преобразование номера счета в строку
2025-03-26 20:48:17,656 - masks - INFO: Получение маски для номера счета
2025-03-26 20:48:17,656 - masks - INFO: Начало создания маски для номера карты
2025-03-26 20:48:17,656 - masks - INFO: Получение маски для номера карты
2025-03-26 20:48:17,656 - masks - INFO: Начало создания маски для номера счета
2025-03-26 20:48:17,656 - masks - INFO: Преобразование номера счета в строку
2025-03-26 20:48:17,656 - masks - INFO: Получение маски для номера счета
2025-03-26 20:48:17,656 - masks - INFO: Начало создания маски для номера карты
2025-03-26 20:48:17,656 - masks - INFO: Получение маски для номера карты
2025-03-26 20:48:17,656 - masks - INFO: Начало создания маски для номера карты
2025-03-26 20:48:17,656 - masks - INFO: Получение маски для номера карты
2025-03-26 20:48:17,656 - masks - INFO: Начало создания маски для номера карты
2025-03-26 20:48:17,656 - masks - INFO: Получение маски для номера карты
2025-03-26 20:48:17,656 - masks - INFO: Начало создания маски для номера счета
2025-03-26 20:48:17,656 - masks - INFO: Преобразование номера счета в строку
2025-03-26 20:48:17,656 - masks - INFO: Получение маски для номера счета
2025-03-26 20:48:17,656 - masks - INFO: Начало создания маски для номера карты
2025-03-26 20:48:17,656 - masks - INFO: Получение маски для номера карты
2025-03-26 20:48:17,656 - masks - INFO: Начало создания маски для номера карты
2025-03-26 20:48:17,656 - masks - INFO: Получение маски для номера карты
2025-03-26 20:48:17,657 - masks - INFO: Начало создания маски для номера карты
2025-03-26 20:48:17,657 - masks - INFO: Получение маски для номера карты
2025-03-26 20:48:17,657 - masks - INFO: Начало создания маски для номера карты
2025-03-26 20:48:17,657 - masks - INFO: Получение маски для номера карты
2025-03-26 20:48:17,657 - masks - INFO: Начало создания маски для номера карты
2025-03-26 20:48:17,657 - masks - INFO: Получение маски для номера карты
2025-03-26 20:48:17,657 - masks - INFO: Начало создания маски для номера счета
2025-03-26 20:48:17,657 - masks - INFO: Преобразование номера счета в строку
2025-03-26 20:48:17,657 - masks - INFO: Получение маски для номера счета
2025-03-26 20:48:17,657 - masks - INFO: Начало создания маски для номера счета
2025-03-26 20:48:17,657 - masks - INFO: Преобразование номера счета в строку
2025-03-26 20:48:17,657 - masks - INFO: Получение маски для номера счета
2025-03-26 20:48:17,657 - masks - INFO: Начало создания маски для номера счета
2025-03-26 20:48:17,657 - masks - INFO: Преобразование номера счета в строку
2025-03-26 20:48:17,657 - masks - INFO: Получение маски для номера счета
2025-03-26 20:49:31,997 - masks - INFO: Начало создания маски для номера карты
2025-03-26 20:49:31,997 - masks - INFO: Получение маски для номера карты
2025-03-26 20:49:31,997 - masks - INFO: Начало создания маски для номера счета
2025-03-26 20:49:31,997 - masks - INFO: Преобразование номера счета в строку
2025-03-26 20:49:31,997 - masks - INFO: Получение маски для номера счета
2025-03-26 20:49:31,997 - masks - INFO: Начало создания маски для номера карты
2025-03-26 20:49:31,997 - masks - INFO: Получение маски для номера карты
2025-03-26 20:49:31,997 - masks - INFO: Начало создания маски для номера счета
2025-03-26 20:49:31,997 - masks - INFO: Преобразование номера счета в строку
2025-03-26 20:49:31,997 - masks - INFO: Получение маски для номера счета
2025-03-26 20:49:31,997 - masks - INFO: Начало создания маски для номера карты
2025-03-26 20:49:31,997 - masks - INFO: Получение маски для номера карты
2025-03-26 20:49:31,997 - masks - INFO: Начало создания маски для номера карты
2025-03-26 20:49:31,997 - masks - INFO: Получение маски для номера карты
2025-03-26 20:49:31,997 - masks - INFO: Начало создания маски для номера карты
2025-03-26 20:49:31,997 - masks - INFO: Получение маски для номера карты
2025-03-26 20:49:31,997 - masks - INFO: Начало создания маски для номера счета
2025-03-26 20:49:31,997 - masks - INFO: Преобразование номера счета в строку
2025-03-26 20:49:31,997 - masks - INFO: Получение маски для номера счета
2025-03-26 20:49:31,997 - masks - INFO: Начало создания маски для номера карты
2025-03-26 20:49:31,997 - masks - INFO: Получение маски для номера карты
2025-03-26 20:49:31,998 - masks - INFO: Начало создания маски для номера карты
2025-03-26 20:49:31,998 - masks - INFO: Получение маски для номера карты
2025-03-26 20:49:31,998 - masks - INFO: Начало создания маски для номера карты
2025-03-26 20:49:31,998 - masks - INFO: Получение маски для номера карты
2025-03-26 20:49:31,998 - masks - INFO: Начало создания маски для номера карты
2025-03-26 20:49:31,998 - masks - INFO: Получение маски для номера карты
2025-03-26 20:49:31,998 - masks - INFO: Начало создания маски для номера карты
2025-03-26 20:49:31,998 - masks - INFO: Получение маски для номера карты
2025-03-26 20:49:31,998 - masks - INFO: Начало создания маски для номера счета
2025-03-26 20:49:31,998 - masks - INFO: Преобразование номера счета в строку
2025-03-26 20:49:31,998 - masks - INFO: Получение маски для номера счета
2025-03-26 20:49:31,998 - masks - INFO: Начало создания маски для номера счета
2025-03-26 20:49:31,998 - masks - INFO: Преобразование номера счета в строку
2025-03-26 20:49:31,998 - masks - INFO: Получение маски для номера счета
2025-03-26 20:49:31,998 - masks - INFO: Начало создания маски для номера счета
2025-03-26 20:49:31,998 - masks - INFO: Преобразование номера счета в строку
2025-03-26 20:49:31,998 - masks - INFO: Получение маски для номера счета
2025-03-26 20:50:01,267 - masks - INFO: Начало создания маски для номера карты
2025-03-26 20:50:01,267 - masks - INFO: Получение маски для номера карты
2025-03-26 20:50:01,267 - masks - INFO: Начало создания маски для номера счета
2025-03-26 20:50:01,267 - masks - INFO: Преобразование номера счета в строку
2025-03-26 20:50:01,267 - masks - INFO: Получение маски для номера счета
2025-03-26 20:50:01,267 - masks - INFO: Начало создания маски для номера карты
2025-03-26 20:50:01,267 - masks - INFO: Получение маски для номера карты
2025-03-26 20:50:01,267 - masks - INFO: Начало создания маски для номера счета
2025-03-26 20:50:01,267 - masks - INFO: Преобразование номера счета в строку
2025-03-26 20:50:01,267 - masks - INFO: Получение маски для номера счета
2025-03-26 20:50:01,267 - masks - INFO: Начало создания маски для номера карты
2025-03-26 20:50:01,267 - masks - INFO: Получение маски для номера карты
2025-03-26 20:50:01,267 - masks - INFO: Начало создания маски для номера карты
2025-03-26 20:50:01,267 - masks - INFO: Получение маски для номера карты
2025-03-26 20:50:01,267 - masks - INFO: Начало создания маски для номера карты
2025-03-26 20:50:01,267 - masks - INFO: Получение маски для номера карты
2025-03-26 20:50:01,267 - masks - INFO: Начало создания маски для номера счета
2025-03-26 20:50:01,267 - masks - INFO: Преобразование номера счета в строку
2025-03-26 20:50:01,267 - masks - INFO: Получение маски для номера счета
2025-03-26 20:50:01,267 - masks - INFO: Начало создания маски для номера карты
2025-03-26 20:50:01,267 - masks - INFO: Получение маски для номера карты
2025-03-26 20:50:01,267 - masks - INFO: Начало создания маски для номера карты
2025-03-26 20:50:01,267 - masks - INFO: Получение маски для номера карты
2025-03-26 20:50:01,267 - masks - INFO: Начало создания маски для номера карты
2025-03-26 20:50:01,267 - masks - INFO: Получение маски для номера карты
2025-03-26 20:50:01,267 - masks - INFO: Начало создания маски для номера карты
2025-03-26 20:50:01,268 - masks - INFO: Получение маски для номера карты
2025-03-26 20:50:01,268 - masks - INFO: Начало создания маски для номера карты
2025-03-26 20:50:01,268 - masks - INFO: Получение маски для номера карты
2025-03-26 20:50:01,268 - masks - INFO: Начало создания маски для номера счета
2025-03-26 20:50:01,268 - masks - INFO: Преобразование номера счета в строку
2025-03-26 20:50:01,268 - masks - INFO: Получение маски для номера счета
2025-03-26 20:50:01,268 - masks - INFO: Начало создания маски для номера счета
2025-03-26 20:50:01,268 - masks - INFO: Преобразование номера счета в строку
2025-03-26 20:50:01,268 - masks - INFO: Получение маски для номера счета
2025-03-26 20:50:01,268 - masks - INFO: Начало создания маски для номера счета
2025-03-26 20:50:01,268 - masks - INFO: Преобразование номера счета в строку
2025-03-26 20:50:01,268 - masks - INFO: Получение маски для номера счета
2025-03-26 20:51:19,624 - masks - INFO: Начало создания маски для номера карты
2025-03-26 20:51:19,624 - masks - INFO: Получение маски для номера карты
2025-03-26 20:51:19,624 - masks - INFO: Начало создания маски для номера счета
2025-03-26 20:51:19,624 - masks - INFO: Преобразование номера счета в строку
2025-03-26 20:51:19,624 - masks - INFO: Получение маски для номера счета
2025-03-26 20:51:19,624 - masks - INFO: Начало создания маски для номера карты
2025-03-26 20:51:19,624 - masks - INFO: Получение маски для номера карты
2025-03-26 20:51:19,624 - masks - INFO: Начало создания маски для номера счета
2025-03-26 20:51:19,624 - masks - INFO: Преобразование номера счета в строку
2025-03-26 20:51:19,624 - masks - INFO: Получение маски для номера счета
2025-03-26 20:51:19,624 - masks - INFO: Начало создания маски для номера карты
2025-03-26 20:51:19,624 - masks - INFO: Получение маски для номера карты
2025-03-26 20:51:19,624 - masks - INFO: Начало создания маски для номера карты
2025-03-26 20:51:19,624 - masks - INFO: Получение маски для номера карты
2025-03-26 20:51:19,624 - masks - INFO: Начало создания маски для номера карты
2025-03-26 20:51:19,624 - masks - INFO: Получение маски для номера карты
2025-03-26 20:51:19,624 - masks - INFO: Начало создания маски для номера счета
2025-03-26 20:51:19,624 - masks - INFO: Преобразование номера счета в строку
2025-03-26 20:51:19,624 - masks - INFO: Получение маски для номера счета
2025-03-26 20:51:19,624 - masks - INFO: Начало создания маски для номера карты
2025-03-26 20:51:19,624 - masks - INFO: Получение маски для номера карты
2025-03-26 20:51:19,624 - masks - INFO: Начало создания маски для номера карты
2025-03-26 20:51:19,624 - masks - INFO: Получение маски для номера карты
2025-03-26 20:51:19,624 - masks - INFO: Начало создания маски для номера карты
2025-03-26 20:51:19,625 - masks - INFO: Получение маски для номера карты
2025-03-26 20:51:19,625 - masks - INFO: Начало создания маски для номера карты
2025-03-26 20:51:19,625 - masks - INFO: Получение маски для номера карты
2025-03-26 20:51:19,625 - masks - INFO: Начало создания маски для номера карты
2025-03-26 20:51:19,625 - masks - INFO: Получение маски для номера карты
2025-03-26 20:51:19,625 - masks - INFO: Начало создания маски для номера счета
2025-03-26 20:51:19,625 - masks - INFO: Преобразование номера счета в строку
2025-03-26 20:51:19,625 - masks - INFO: Получение маски для номера счета
2025-03-26 20:51:19,625 - masks - INFO: Начало создания маски для номера счета
2025-03-26 20:51:19,625 - masks - INFO: Преобразование номера счета в строку
2025-03-26 20:51:19,625 - masks - INFO: Получение маски для номера счета
2025-03-26 20:51:19,625 - masks - INFO: Начало создания маски для номера счета
2025-03-26 20:51:19,625 - masks - INFO: Преобразование номера счета в строку
2025-03-26 20:51:19,625 - masks - INFO: Получение маски для номера счета
